<?xml version="1.0" encoding="UTF-8"?>
<coverage generated="1782162013">
  <project timestamp="1782162013" name="Clover Coverage">
    <package name="App\Actions\Loans">
      <file name="/root/Analyt-Loan/app/Actions/Loans/SynchronizeLoanState.php">
        <class name="App\Actions\Loans\SynchronizeLoanState" namespace="App\Actions\Loans">
          <metrics complexity="19" methods="2" coveredmethods="1" conditionals="0" coveredconditionals="0" statements="69" coveredstatements="68" elements="71" coveredelements="69"/>
        </class>
        <line num="21" type="method" name="execute" visibility="public" complexity="16" crap="16" count="46"/>
        <line num="23" type="stmt" count="46"/>
        <line num="26" type="stmt" count="46"/>
        <line num="27" type="stmt" count="46"/>
        <line num="29" type="stmt" count="46"/>
        <line num="31" type="stmt" count="46"/>
        <line num="32" type="stmt" count="46"/>
        <line num="34" type="stmt" count="46"/>
        <line num="35" type="stmt" count="46"/>
        <line num="37" type="stmt" count="46"/>
        <line num="40" type="stmt" count="27"/>
        <line num="42" type="stmt" count="27"/>
        <line num="44" type="stmt" count="27"/>
        <line num="46" type="stmt" count="27"/>
        <line num="48" type="stmt" count="27"/>
        <line num="49" type="stmt" count="8"/>
        <line num="50" type="stmt" count="8"/>
        <line num="51" type="stmt" count="8"/>
        <line num="52" type="stmt" count="21"/>
        <line num="53" type="stmt" count="4"/>
        <line num="54" type="stmt" count="4"/>
        <line num="55" type="stmt" count="4"/>
        <line num="57" type="stmt" count="20"/>
        <line num="59" type="stmt" count="20"/>
        <line num="61" type="stmt" count="27"/>
        <line num="65" type="stmt" count="46"/>
        <line num="66" type="stmt" count="46"/>
        <line num="68" type="stmt" count="46"/>
        <line num="70" type="stmt" count="46"/>
        <line num="71" type="stmt" count="7"/>
        <line num="72" type="stmt" count="6"/>
        <line num="75" type="stmt" count="7"/>
        <line num="78" type="stmt" count="41"/>
        <line num="79" type="stmt" count="41"/>
        <line num="80" type="stmt" count="41"/>
        <line num="82" type="stmt" count="41"/>
        <line num="85" type="stmt" count="41"/>
        <line num="86" type="stmt" count="2"/>
        <line num="90" type="stmt" count="41"/>
        <line num="91" type="stmt" count="3"/>
        <line num="95" type="stmt" count="46"/>
        <line num="96" type="stmt" count="0"/>
        <line num="103" type="method" name="processExtraRepaymentsToSavings" visibility="protected" complexity="3" crap="3" count="7"/>
        <line num="105" type="stmt" count="7"/>
        <line num="107" type="stmt" count="7"/>
        <line num="108" type="stmt" count="7"/>
        <line num="109" type="stmt" count="7"/>
        <line num="110" type="stmt" count="7"/>
        <line num="111" type="stmt" count="7"/>
        <line num="112" type="stmt" count="7"/>
        <line num="113" type="stmt" count="7"/>
        <line num="114" type="stmt" count="7"/>
        <line num="117" type="stmt" count="7"/>
        <line num="119" type="stmt" count="4"/>
        <line num="120" type="stmt" count="4"/>
        <line num="121" type="stmt" count="4"/>
        <line num="122" type="stmt" count="4"/>
        <line num="123" type="stmt" count="4"/>
        <line num="124" type="stmt" count="4"/>
        <line num="125" type="stmt" count="4"/>
        <line num="126" type="stmt" count="4"/>
        <line num="127" type="stmt" count="4"/>
        <line num="128" type="stmt" count="4"/>
        <line num="131" type="stmt" count="4"/>
        <line num="132" type="stmt" count="4"/>
        <line num="134" type="stmt" count="4"/>
        <line num="135" type="stmt" count="4"/>
        <line num="136" type="stmt" count="4"/>
        <line num="137" type="stmt" count="4"/>
        <line num="138" type="stmt" count="4"/>
        <line num="139" type="stmt" count="4"/>
        <metrics loc="144" ncloc="124" classes="1" methods="2" coveredmethods="1" conditionals="0" coveredconditionals="0" statements="69" coveredstatements="68" elements="71" coveredelements="69"/>
      </file>
    </package>
    <package name="App\Casts">
      <file name="/root/Analyt-Loan/app/Casts/MoneyCast.php">
        <class name="App\Casts\MoneyCast" namespace="App\Casts">
          <metrics complexity="6" methods="2" coveredmethods="1" conditionals="0" coveredconditionals="0" statements="13" coveredstatements="11" elements="15" coveredelements="12"/>
        </class>
        <line num="16" type="method" name="get" visibility="public" complexity="2" crap="2" count="143"/>
        <line num="18" type="stmt" count="143"/>
        <line num="19" type="stmt" count="33"/>
        <line num="22" type="stmt" count="142"/>
        <line num="23" type="stmt" count="142"/>
        <line num="24" type="stmt" count="142"/>
        <line num="26" type="stmt" count="142"/>
        <line num="34" type="method" name="set" visibility="public" complexity="4" crap="4.37" count="165"/>
        <line num="36" type="stmt" count="165"/>
        <line num="37" type="stmt" count="0"/>
        <line num="40" type="stmt" count="165"/>
        <line num="41" type="stmt" count="145"/>
        <line num="47" type="stmt" count="149"/>
        <line num="48" type="stmt" count="149"/>
        <line num="51" type="stmt" count="0"/>
        <metrics loc="54" ncloc="41" classes="1" methods="2" coveredmethods="1" conditionals="0" coveredconditionals="0" statements="13" coveredstatements="11" elements="15" coveredelements="12"/>
      </file>
    </package>
    <package name="App\Console\Commands">
      <file name="/root/Analyt-Loan/app/Console/Commands/ClearDatabaseData.php">
        <class name="App\Console\Commands\ClearDatabaseData" namespace="App\Console\Commands">
          <metrics complexity="11" methods="1" coveredmethods="0" conditionals="0" coveredconditionals="0" statements="33" coveredstatements="0" elements="34" coveredelements="0"/>
        </class>
        <line num="28" type="method" name="handle" visibility="public" complexity="11" crap="132" count="0"/>
        <line num="30" type="stmt" count="0"/>
        <line num="31" type="stmt" count="0"/>
        <line num="32" type="stmt" count="0"/>
        <line num="36" type="stmt" count="0"/>
        <line num="38" type="stmt" count="0"/>
        <line num="39" type="stmt" count="0"/>
        <line num="42" type="stmt" count="0"/>
        <line num="43" type="stmt" count="0"/>
        <line num="44" type="stmt" count="0"/>
        <line num="45" type="stmt" count="0"/>
        <line num="47" type="stmt" count="0"/>
        <line num="50" type="stmt" count="0"/>
        <line num="52" type="stmt" count="0"/>
        <line num="53" type="stmt" count="0"/>
        <line num="54" type="stmt" count="0"/>
        <line num="55" type="stmt" count="0"/>
        <line num="56" type="stmt" count="0"/>
        <line num="57" type="stmt" count="0"/>
        <line num="60" type="stmt" count="0"/>
        <line num="61" type="stmt" count="0"/>
        <line num="64" type="stmt" count="0"/>
        <line num="65" type="stmt" count="0"/>
        <line num="67" type="stmt" count="0"/>
        <line num="68" type="stmt" count="0"/>
        <line num="69" type="stmt" count="0"/>
        <line num="72" type="stmt" count="0"/>
        <line num="73" type="stmt" count="0"/>
        <line num="76" type="stmt" count="0"/>
        <line num="77" type="stmt" count="0"/>
        <line num="78" type="stmt" count="0"/>
        <line num="79" type="stmt" count="0"/>
        <line num="81" type="stmt" count="0"/>
        <line num="84" type="stmt" count="0"/>
        <metrics loc="87" ncloc="71" classes="1" methods="1" coveredmethods="0" conditionals="0" coveredconditionals="0" statements="33" coveredstatements="0" elements="34" coveredelements="0"/>
      </file>
      <file name="/root/Analyt-Loan/app/Console/Commands/MidnightSync.php">
        <class name="App\Console\Commands\MidnightSync" namespace="App\Console\Commands">
          <metrics complexity="3" methods="1" coveredmethods="1" conditionals="0" coveredconditionals="0" statements="11" coveredstatements="11" elements="12" coveredelements="12"/>
        </class>
        <line num="30" type="method" name="handle" visibility="public" complexity="3" crap="3" count="2"/>
        <line num="32" type="stmt" count="2"/>
        <line num="33" type="stmt" count="2"/>
        <line num="35" type="stmt" count="2"/>
        <line num="36" type="stmt" count="2"/>
        <line num="37" type="stmt" count="2"/>
        <line num="43" type="stmt" count="2"/>
        <line num="45" type="stmt" count="2"/>
        <line num="52" type="stmt" count="2"/>
        <line num="55" type="stmt" count="2"/>
        <line num="57" type="stmt" count="2"/>
        <line num="58" type="stmt" count="2"/>
        <metrics loc="61" ncloc="39" classes="1" methods="1" coveredmethods="1" conditionals="0" coveredconditionals="0" statements="11" coveredstatements="11" elements="12" coveredelements="12"/>
      </file>
      <file name="/root/Analyt-Loan/app/Console/Commands/SeedPortfolioTime.php">
        <class name="App\Console\Commands\SeedPortfolioTime" namespace="App\Console\Commands">
          <metrics complexity="2" methods="2" coveredmethods="0" conditionals="0" coveredconditionals="0" statements="5" coveredstatements="0" elements="7" coveredelements="0"/>
        </class>
        <line num="27" type="method" name="handle" visibility="public" complexity="1" crap="2" count="0"/>
        <line num="29" type="stmt" count="0"/>
        <line num="31" type="stmt" count="0"/>
        <line num="32" type="stmt" count="0"/>
        <line num="34" type="stmt" count="0"/>
        <line num="40" type="method" name="success" visibility="protected" complexity="1" crap="2" count="0"/>
        <line num="42" type="stmt" count="0"/>
        <metrics loc="45" ncloc="29" classes="1" methods="2" coveredmethods="0" conditionals="0" coveredconditionals="0" statements="5" coveredstatements="0" elements="7" coveredelements="0"/>
      </file>
      <file name="/root/Analyt-Loan/app/Console/Commands/SendDailyReport.php">
        <class name="App\Console\Commands\SendDailyReport" namespace="App\Console\Commands">
          <metrics complexity="3" methods="1" coveredmethods="0" conditionals="0" coveredconditionals="0" statements="31" coveredstatements="0" elements="32" coveredelements="0"/>
        </class>
        <line num="33" type="method" name="handle" visibility="public" complexity="3" crap="12" count="0"/>
        <line num="35" type="stmt" count="0"/>
        <line num="36" type="stmt" count="0"/>
        <line num="38" type="stmt" count="0"/>
        <line num="40" type="stmt" count="0"/>
        <line num="41" type="stmt" count="0"/>
        <line num="43" type="stmt" count="0"/>
        <line num="46" type="stmt" count="0"/>
        <line num="49" type="stmt" count="0"/>
        <line num="50" type="stmt" count="0"/>
        <line num="51" type="stmt" count="0"/>
        <line num="53" type="stmt" count="0"/>
        <line num="54" type="stmt" count="0"/>
        <line num="56" type="stmt" count="0"/>
        <line num="57" type="stmt" count="0"/>
        <line num="59" type="stmt" count="0"/>
        <line num="60" type="stmt" count="0"/>
        <line num="61" type="stmt" count="0"/>
        <line num="62" type="stmt" count="0"/>
        <line num="64" type="stmt" count="0"/>
        <line num="65" type="stmt" count="0"/>
        <line num="66" type="stmt" count="0"/>
        <line num="67" type="stmt" count="0"/>
        <line num="68" type="stmt" count="0"/>
        <line num="69" type="stmt" count="0"/>
        <line num="70" type="stmt" count="0"/>
        <line num="71" type="stmt" count="0"/>
        <line num="72" type="stmt" count="0"/>
        <line num="73" type="stmt" count="0"/>
        <line num="77" type="stmt" count="0"/>
        <line num="79" type="stmt" count="0"/>
        <line num="80" type="stmt" count="0"/>
        <metrics loc="83" ncloc="66" classes="1" methods="1" coveredmethods="0" conditionals="0" coveredconditionals="0" statements="31" coveredstatements="0" elements="32" coveredelements="0"/>
      </file>
      <file name="/root/Analyt-Loan/app/Console/Commands/SendOverdueReminders.php">
        <class name="App\Console\Commands\SendOverdueReminders" namespace="App\Console\Commands">
          <metrics complexity="5" methods="1" coveredmethods="0" conditionals="0" coveredconditionals="0" statements="27" coveredstatements="0" elements="28" coveredelements="0"/>
        </class>
        <line num="31" type="method" name="handle" visibility="public" complexity="5" crap="30" count="0"/>
        <line num="33" type="stmt" count="0"/>
        <line num="35" type="stmt" count="0"/>
        <line num="36" type="stmt" count="0"/>
        <line num="38" type="stmt" count="0"/>
        <line num="39" type="stmt" count="0"/>
        <line num="41" type="stmt" count="0"/>
        <line num="44" type="stmt" count="0"/>
        <line num="45" type="stmt" count="0"/>
        <line num="46" type="stmt" count="0"/>
        <line num="47" type="stmt" count="0"/>
        <line num="49" type="stmt" count="0"/>
        <line num="50" type="stmt" count="0"/>
        <line num="51" type="stmt" count="0"/>
        <line num="52" type="stmt" count="0"/>
        <line num="53" type="stmt" count="0"/>
        <line num="54" type="stmt" count="0"/>
        <line num="55" type="stmt" count="0"/>
        <line num="56" type="stmt" count="0"/>
        <line num="57" type="stmt" count="0"/>
        <line num="58" type="stmt" count="0"/>
        <line num="59" type="stmt" count="0"/>
        <line num="60" type="stmt" count="0"/>
        <line num="61" type="stmt" count="0"/>
        <line num="65" type="stmt" count="0"/>
        <line num="68" type="stmt" count="0"/>
        <line num="70" type="stmt" count="0"/>
        <line num="71" type="stmt" count="0"/>
        <metrics loc="74" ncloc="59" classes="1" methods="1" coveredmethods="0" conditionals="0" coveredconditionals="0" statements="27" coveredstatements="0" elements="28" coveredelements="0"/>
      </file>
      <file name="/root/Analyt-Loan/app/Console/Commands/SyncSqliteToSupabaseCommand.php">
        <class name="App\Console\Commands\SyncSqliteToSupabaseCommand" namespace="App\Console\Commands">
          <metrics complexity="9" methods="1" coveredmethods="0" conditionals="0" coveredconditionals="0" statements="65" coveredstatements="0" elements="66" coveredelements="0"/>
        </class>
        <line num="14" type="method" name="handle" visibility="public" complexity="9" crap="90" count="0"/>
        <line num="16" type="stmt" count="0"/>
        <line num="17" type="stmt" count="0"/>
        <line num="18" type="stmt" count="0"/>
        <line num="22" type="stmt" count="0"/>
        <line num="25" type="stmt" count="0"/>
        <line num="27" type="stmt" count="0"/>
        <line num="28" type="stmt" count="0"/>
        <line num="31" type="stmt" count="0"/>
        <line num="32" type="stmt" count="0"/>
        <line num="34" type="stmt" count="0"/>
        <line num="35" type="stmt" count="0"/>
        <line num="36" type="stmt" count="0"/>
        <line num="37" type="stmt" count="0"/>
        <line num="39" type="stmt" count="0"/>
        <line num="40" type="stmt" count="0"/>
        <line num="42" type="stmt" count="0"/>
        <line num="45" type="stmt" count="0"/>
        <line num="46" type="stmt" count="0"/>
        <line num="48" type="stmt" count="0"/>
        <line num="51" type="stmt" count="0"/>
        <line num="54" type="stmt" count="0"/>
        <line num="55" type="stmt" count="0"/>
        <line num="56" type="stmt" count="0"/>
        <line num="58" type="stmt" count="0"/>
        <line num="59" type="stmt" count="0"/>
        <line num="61" type="stmt" count="0"/>
        <line num="65" type="stmt" count="0"/>
        <line num="67" type="stmt" count="0"/>
        <line num="68" type="stmt" count="0"/>
        <line num="71" type="stmt" count="0"/>
        <line num="72" type="stmt" count="0"/>
        <line num="75" type="stmt" count="0"/>
        <line num="76" type="stmt" count="0"/>
        <line num="78" type="stmt" count="0"/>
        <line num="79" type="stmt" count="0"/>
        <line num="82" type="stmt" count="0"/>
        <line num="83" type="stmt" count="0"/>
        <line num="88" type="stmt" count="0"/>
        <line num="89" type="stmt" count="0"/>
        <line num="90" type="stmt" count="0"/>
        <line num="91" type="stmt" count="0"/>
        <line num="94" type="stmt" count="0"/>
        <line num="97" type="stmt" count="0"/>
        <line num="100" type="stmt" count="0"/>
        <line num="101" type="stmt" count="0"/>
        <line num="104" type="stmt" count="0"/>
        <line num="105" type="stmt" count="0"/>
        <line num="108" type="stmt" count="0"/>
        <line num="109" type="stmt" count="0"/>
        <line num="110" type="stmt" count="0"/>
        <line num="112" type="stmt" count="0"/>
        <line num="113" type="stmt" count="0"/>
        <line num="114" type="stmt" count="0"/>
        <line num="115" type="stmt" count="0"/>
        <line num="118" type="stmt" count="0"/>
        <line num="119" type="stmt" count="0"/>
        <line num="120" type="stmt" count="0"/>
        <line num="122" type="stmt" count="0"/>
        <line num="123" type="stmt" count="0"/>
        <line num="124" type="stmt" count="0"/>
        <line num="125" type="stmt" count="0"/>
        <line num="128" type="stmt" count="0"/>
        <line num="129" type="stmt" count="0"/>
        <line num="132" type="stmt" count="0"/>
        <line num="134" type="stmt" count="0"/>
        <metrics loc="137" ncloc="121" classes="1" methods="1" coveredmethods="0" conditionals="0" coveredconditionals="0" statements="65" coveredstatements="0" elements="66" coveredelements="0"/>
      </file>
    </package>
    <file name="/root/Analyt-Loan/app/Contracts/StorageProvider.php">
      <metrics loc="32" ncloc="17" classes="0" methods="0" coveredmethods="0" conditionals="0" coveredconditionals="0" statements="0" coveredstatements="0" elements="0" coveredelements="0"/>
    </file>
    <package name="App\DTOs">
      <file name="/root/Analyt-Loan/app/DTOs/LoanApplicationDTO.php">
        <class name="App\DTOs\LoanApplicationDTO" namespace="App\DTOs">
          <metrics complexity="6" methods="3" coveredmethods="3" conditionals="0" coveredconditionals="0" statements="54" coveredstatements="54" elements="57" coveredelements="57"/>
        </class>
        <line num="9" type="method" name="__construct" visibility="public" complexity="1" crap="1" count="16"/>
        <line num="33" type="stmt" count="16"/>
        <line num="38" type="method" name="fromArray" visibility="public" complexity="3" crap="3" count="16"/>
        <line num="40" type="stmt" count="16"/>
        <line num="42" type="stmt" count="16"/>
        <line num="43" type="stmt" count="16"/>
        <line num="44" type="stmt" count="16"/>
        <line num="45" type="stmt" count="16"/>
        <line num="46" type="stmt" count="16"/>
        <line num="47" type="stmt" count="16"/>
        <line num="48" type="stmt" count="16"/>
        <line num="49" type="stmt" count="16"/>
        <line num="50" type="stmt" count="16"/>
        <line num="51" type="stmt" count="16"/>
        <line num="52" type="stmt" count="16"/>
        <line num="53" type="stmt" count="16"/>
        <line num="54" type="stmt" count="16"/>
        <line num="55" type="stmt" count="16"/>
        <line num="56" type="stmt" count="16"/>
        <line num="57" type="stmt" count="16"/>
        <line num="58" type="stmt" count="16"/>
        <line num="59" type="stmt" count="16"/>
        <line num="60" type="stmt" count="16"/>
        <line num="61" type="stmt" count="16"/>
        <line num="62" type="stmt" count="16"/>
        <line num="63" type="stmt" count="16"/>
        <line num="64" type="stmt" count="16"/>
        <line num="65" type="stmt" count="16"/>
        <line num="66" type="stmt" count="16"/>
        <line num="72" type="method" name="toArray" visibility="public" complexity="2" crap="2" count="16"/>
        <line num="74" type="stmt" count="16"/>
        <line num="75" type="stmt" count="16"/>
        <line num="76" type="stmt" count="16"/>
        <line num="77" type="stmt" count="16"/>
        <line num="78" type="stmt" count="16"/>
        <line num="79" type="stmt" count="16"/>
        <line num="80" type="stmt" count="16"/>
        <line num="81" type="stmt" count="16"/>
        <line num="82" type="stmt" count="16"/>
        <line num="83" type="stmt" count="16"/>
        <line num="84" type="stmt" count="16"/>
        <line num="85" type="stmt" count="16"/>
        <line num="86" type="stmt" count="16"/>
        <line num="87" type="stmt" count="16"/>
        <line num="88" type="stmt" count="16"/>
        <line num="89" type="stmt" count="16"/>
        <line num="90" type="stmt" count="16"/>
        <line num="91" type="stmt" count="16"/>
        <line num="92" type="stmt" count="16"/>
        <line num="93" type="stmt" count="16"/>
        <line num="94" type="stmt" count="16"/>
        <line num="95" type="stmt" count="16"/>
        <line num="96" type="stmt" count="16"/>
        <line num="97" type="stmt" count="16"/>
        <line num="99" type="stmt" count="16"/>
        <line num="100" type="stmt" count="11"/>
        <line num="103" type="stmt" count="16"/>
        <metrics loc="106" ncloc="100" classes="1" methods="3" coveredmethods="3" conditionals="0" coveredconditionals="0" statements="54" coveredstatements="54" elements="57" coveredelements="57"/>
      </file>
    </package>
    <package name="App\Events">
      <file name="/root/Analyt-Loan/app/Events/DashboardUpdated.php">
        <class name="App\Events\DashboardUpdated" namespace="App\Events">
          <metrics complexity="4" methods="3" coveredmethods="2" conditionals="0" coveredconditionals="0" statements="9" coveredstatements="6" elements="12" coveredelements="8"/>
        </class>
        <line num="18" type="method" name="__construct" visibility="public" complexity="1" crap="1" count="145"/>
        <line num="25" type="method" name="broadcastOn" visibility="public" complexity="2" crap="2.31" count="134"/>
        <line num="30" type="stmt" count="134"/>
        <line num="31" type="stmt" count="134"/>
        <line num="32" type="stmt" count="134"/>
        <line num="33" type="stmt" count="134"/>
        <line num="36" type="stmt" count="0"/>
        <line num="37" type="stmt" count="0"/>
        <line num="38" type="stmt" count="0"/>
        <line num="41" type="method" name="broadcastAs" visibility="public" complexity="1" crap="1" count="134"/>
        <line num="43" type="stmt" count="134"/>
        <metrics loc="46" ncloc="35" classes="1" methods="3" coveredmethods="2" conditionals="0" coveredconditionals="0" statements="9" coveredstatements="6" elements="12" coveredelements="8"/>
      </file>
      <file name="/root/Analyt-Loan/app/Events/LoanRepaymentReceived.php">
        <class name="App\Events\LoanRepaymentReceived" namespace="App\Events">
          <metrics complexity="1" methods="1" coveredmethods="1" conditionals="0" coveredconditionals="0" statements="1" coveredstatements="1" elements="2" coveredelements="2"/>
        </class>
        <line num="18" type="method" name="__construct" visibility="public" complexity="1" crap="1" count="29"/>
        <line num="21" type="stmt" count="29"/>
        <metrics loc="23" ncloc="20" classes="1" methods="1" coveredmethods="1" conditionals="0" coveredconditionals="0" statements="1" coveredstatements="1" elements="2" coveredelements="2"/>
      </file>
    </package>
    <package name="App\Exceptions">
      <file name="/root/Analyt-Loan/app/Exceptions/CollateralInsufficientException.php">
        <class name="App\Exceptions\CollateralInsufficientException" namespace="App\Exceptions">
          <metrics complexity="0" methods="0" coveredmethods="0" conditionals="0" coveredconditionals="0" statements="0" coveredstatements="0" elements="0" coveredelements="0"/>
        </class>
        <metrics loc="11" ncloc="10" classes="0" methods="0" coveredmethods="0" conditionals="0" coveredconditionals="0" statements="0" coveredstatements="0" elements="0" coveredelements="0"/>
      </file>
    </package>
    <package name="App\Helpers">
      <file name="/root/Analyt-Loan/app/Helpers/SystemLogger.php">
        <class name="App\Helpers\SystemLogger" namespace="App\Helpers">
          <metrics complexity="8" methods="5" coveredmethods="5" conditionals="0" coveredconditionals="0" statements="27" coveredstatements="27" elements="32" coveredelements="32"/>
        </class>
        <line num="14" type="method" name="log" visibility="public" complexity="4" crap="4" count="159"/>
        <line num="16" type="stmt" count="159"/>
        <line num="17" type="stmt" count="159"/>
        <line num="20" type="stmt" count="159"/>
        <line num="21" type="stmt" count="157"/>
        <line num="22" type="stmt" count="22"/>
        <line num="24" type="stmt" count="147"/>
        <line num="25" type="stmt" count="147"/>
        <line num="26" type="stmt" count="147"/>
        <line num="27" type="stmt" count="9"/>
        <line num="31" type="stmt" count="159"/>
        <line num="32" type="stmt" count="159"/>
        <line num="33" type="stmt" count="159"/>
        <line num="34" type="stmt" count="159"/>
        <line num="35" type="stmt" count="159"/>
        <line num="36" type="stmt" count="159"/>
        <line num="37" type="stmt" count="159"/>
        <line num="38" type="stmt" count="159"/>
        <line num="39" type="stmt" count="159"/>
        <line num="40" type="stmt" count="159"/>
        <line num="41" type="stmt" count="159"/>
        <line num="42" type="stmt" count="159"/>
        <line num="43" type="stmt" count="159"/>
        <line num="44" type="stmt" count="159"/>
        <line num="47" type="method" name="success" visibility="public" complexity="1" crap="1" count="146"/>
        <line num="49" type="stmt" count="146"/>
        <line num="52" type="method" name="warning" visibility="public" complexity="1" crap="1" count="3"/>
        <line num="54" type="stmt" count="3"/>
        <line num="57" type="method" name="danger" visibility="public" complexity="1" crap="1" count="4"/>
        <line num="59" type="stmt" count="4"/>
        <line num="62" type="method" name="action" visibility="public" complexity="1" crap="1" count="142"/>
        <line num="64" type="stmt" count="142"/>
        <metrics loc="67" ncloc="63" classes="1" methods="5" coveredmethods="5" conditionals="0" coveredconditionals="0" statements="27" coveredstatements="27" elements="32" coveredelements="32"/>
      </file>
    </package>
    <package name="App\Http\Controllers\Api">
      <file name="/root/Analyt-Loan/app/Http/Controllers/Api/BorrowerController.php">
        <class name="App\Http\Controllers\Api\BorrowerController" namespace="App\Http\Controllers\Api">
          <metrics complexity="5" methods="5" coveredmethods="0" conditionals="0" coveredconditionals="0" statements="22" coveredstatements="0" elements="27" coveredelements="0"/>
        </class>
        <line num="15" type="method" name="index" visibility="public" complexity="1" crap="2" count="0"/>
        <line num="17" type="stmt" count="0"/>
        <line num="23" type="method" name="store" visibility="public" complexity="1" crap="2" count="0"/>
        <line num="25" type="stmt" count="0"/>
        <line num="26" type="stmt" count="0"/>
        <line num="27" type="stmt" count="0"/>
        <line num="28" type="stmt" count="0"/>
        <line num="29" type="stmt" count="0"/>
        <line num="30" type="stmt" count="0"/>
        <line num="31" type="stmt" count="0"/>
        <line num="32" type="stmt" count="0"/>
        <line num="34" type="stmt" count="0"/>
        <line num="36" type="stmt" count="0"/>
        <line num="42" type="method" name="show" visibility="public" complexity="1" crap="2" count="0"/>
        <line num="44" type="stmt" count="0"/>
        <line num="50" type="method" name="update" visibility="public" complexity="1" crap="2" count="0"/>
        <line num="52" type="stmt" count="0"/>
        <line num="53" type="stmt" count="0"/>
        <line num="54" type="stmt" count="0"/>
        <line num="55" type="stmt" count="0"/>
        <line num="56" type="stmt" count="0"/>
        <line num="57" type="stmt" count="0"/>
        <line num="59" type="stmt" count="0"/>
        <line num="61" type="stmt" count="0"/>
        <line num="67" type="method" name="destroy" visibility="public" complexity="1" crap="2" count="0"/>
        <line num="69" type="stmt" count="0"/>
        <line num="71" type="stmt" count="0"/>
        <metrics loc="74" ncloc="59" classes="1" methods="5" coveredmethods="0" conditionals="0" coveredconditionals="0" statements="22" coveredstatements="0" elements="27" coveredelements="0"/>
      </file>
      <file name="/root/Analyt-Loan/app/Http/Controllers/Api/CollateralController.php">
        <class name="App\Http\Controllers\Api\CollateralController" namespace="App\Http\Controllers\Api">
          <metrics complexity="5" methods="5" coveredmethods="4" conditionals="0" coveredconditionals="0" statements="23" coveredstatements="22" elements="28" coveredelements="26"/>
        </class>
        <line num="14" type="method" name="index" visibility="public" complexity="1" crap="2" count="0"/>
        <line num="16" type="stmt" count="0"/>
        <line num="22" type="method" name="store" visibility="public" complexity="1" crap="1" count="1"/>
        <line num="24" type="stmt" count="1"/>
        <line num="25" type="stmt" count="1"/>
        <line num="26" type="stmt" count="1"/>
        <line num="27" type="stmt" count="1"/>
        <line num="28" type="stmt" count="1"/>
        <line num="29" type="stmt" count="1"/>
        <line num="30" type="stmt" count="1"/>
        <line num="31" type="stmt" count="1"/>
        <line num="32" type="stmt" count="1"/>
        <line num="34" type="stmt" count="1"/>
        <line num="36" type="stmt" count="1"/>
        <line num="42" type="method" name="show" visibility="public" complexity="1" crap="1" count="1"/>
        <line num="44" type="stmt" count="1"/>
        <line num="50" type="method" name="update" visibility="public" complexity="1" crap="1" count="1"/>
        <line num="52" type="stmt" count="1"/>
        <line num="53" type="stmt" count="1"/>
        <line num="54" type="stmt" count="1"/>
        <line num="55" type="stmt" count="1"/>
        <line num="56" type="stmt" count="1"/>
        <line num="57" type="stmt" count="1"/>
        <line num="59" type="stmt" count="1"/>
        <line num="61" type="stmt" count="1"/>
        <line num="67" type="method" name="destroy" visibility="public" complexity="1" crap="1" count="1"/>
        <line num="69" type="stmt" count="1"/>
        <line num="71" type="stmt" count="1"/>
        <metrics loc="74" ncloc="59" classes="1" methods="5" coveredmethods="4" conditionals="0" coveredconditionals="0" statements="23" coveredstatements="22" elements="28" coveredelements="26"/>
      </file>
      <file name="/root/Analyt-Loan/app/Http/Controllers/Api/LoanController.php">
        <class name="App\Http\Controllers\Api\LoanController" namespace="App\Http\Controllers\Api">
          <metrics complexity="7" methods="5" coveredmethods="0" conditionals="0" coveredconditionals="0" statements="28" coveredstatements="0" elements="33" coveredelements="0"/>
        </class>
        <line num="19" type="method" name="index" visibility="public" complexity="1" crap="2" count="0"/>
        <line num="21" type="stmt" count="0"/>
        <line num="27" type="method" name="store" visibility="public" complexity="1" crap="2" count="0"/>
        <line num="29" type="stmt" count="0"/>
        <line num="30" type="stmt" count="0"/>
        <line num="31" type="stmt" count="0"/>
        <line num="32" type="stmt" count="0"/>
        <line num="33" type="stmt" count="0"/>
        <line num="34" type="stmt" count="0"/>
        <line num="35" type="stmt" count="0"/>
        <line num="36" type="stmt" count="0"/>
        <line num="37" type="stmt" count="0"/>
        <line num="38" type="stmt" count="0"/>
        <line num="39" type="stmt" count="0"/>
        <line num="40" type="stmt" count="0"/>
        <line num="42" type="stmt" count="0"/>
        <line num="43" type="stmt" count="0"/>
        <line num="44" type="stmt" count="0"/>
        <line num="46" type="stmt" count="0"/>
        <line num="48" type="stmt" count="0"/>
        <line num="54" type="method" name="show" visibility="public" complexity="1" crap="2" count="0"/>
        <line num="56" type="stmt" count="0"/>
        <line num="62" type="method" name="update" visibility="public" complexity="3" crap="12" count="0"/>
        <line num="64" type="stmt" count="0"/>
        <line num="65" type="stmt" count="0"/>
        <line num="66" type="stmt" count="0"/>
        <line num="68" type="stmt" count="0"/>
        <line num="70" type="stmt" count="0"/>
        <line num="71" type="stmt" count="0"/>
        <line num="74" type="stmt" count="0"/>
        <line num="80" type="method" name="destroy" visibility="public" complexity="1" crap="2" count="0"/>
        <line num="82" type="stmt" count="0"/>
        <line num="84" type="stmt" count="0"/>
        <metrics loc="87" ncloc="72" classes="1" methods="5" coveredmethods="0" conditionals="0" coveredconditionals="0" statements="28" coveredstatements="0" elements="33" coveredelements="0"/>
      </file>
    </package>
    <package name="App\Http\Controllers\Auth">
      <file name="/root/Analyt-Loan/app/Http/Controllers/Auth/VerifyEmailController.php">
        <class name="App\Http\Controllers\Auth\VerifyEmailController" namespace="App\Http\Controllers\Auth">
          <metrics complexity="5" methods="1" coveredmethods="0" conditionals="0" coveredconditionals="0" statements="6" coveredstatements="5" elements="7" coveredelements="5"/>
        </class>
        <line num="16" type="method" name="__invoke" visibility="public" complexity="5" crap="5.12" count="1"/>
        <line num="18" type="stmt" count="1"/>
        <line num="20" type="stmt" count="1"/>
        <line num="21" type="stmt" count="0"/>
        <line num="24" type="stmt" count="1"/>
        <line num="26" type="stmt" count="1"/>
        <line num="29" type="stmt" count="1"/>
        <metrics loc="32" ncloc="28" classes="1" methods="1" coveredmethods="0" conditionals="0" coveredconditionals="0" statements="6" coveredstatements="5" elements="7" coveredelements="5"/>
      </file>
    </package>
    <package name="App\Http\Controllers">
      <file name="/root/Analyt-Loan/app/Http/Controllers/Controller.php">
        <class name="App\Http\Controllers\Controller" namespace="App\Http\Controllers">
          <metrics complexity="0" methods="0" coveredmethods="0" conditionals="0" coveredconditionals="0" statements="0" coveredstatements="0" elements="0" coveredelements="0"/>
        </class>
        <metrics loc="9" ncloc="8" classes="0" methods="0" coveredmethods="0" conditionals="0" coveredconditionals="0" statements="0" coveredstatements="0" elements="0" coveredelements="0"/>
      </file>
      <file name="/root/Analyt-Loan/app/Http/Controllers/CronController.php">
        <class name="App\Http\Controllers\CronController" namespace="App\Http\Controllers">
          <metrics complexity="7" methods="3" coveredmethods="0" conditionals="0" coveredconditionals="0" statements="28" coveredstatements="0" elements="31" coveredelements="0"/>
        </class>
        <line num="14" type="method" name="runSchedule" visibility="public" complexity="2" crap="6" count="0"/>
        <line num="16" type="stmt" count="0"/>
        <line num="19" type="stmt" count="0"/>
        <line num="20" type="stmt" count="0"/>
        <line num="21" type="stmt" count="0"/>
        <line num="23" type="stmt" count="0"/>
        <line num="24" type="stmt" count="0"/>
        <line num="25" type="stmt" count="0"/>
        <line num="26" type="stmt" count="0"/>
        <line num="27" type="stmt" count="0"/>
        <line num="28" type="stmt" count="0"/>
        <line num="29" type="stmt" count="0"/>
        <line num="31" type="stmt" count="0"/>
        <line num="38" type="method" name="runQueue" visibility="public" complexity="2" crap="6" count="0"/>
        <line num="40" type="stmt" count="0"/>
        <line num="44" type="stmt" count="0"/>
        <line num="45" type="stmt" count="0"/>
        <line num="46" type="stmt" count="0"/>
        <line num="48" type="stmt" count="0"/>
        <line num="49" type="stmt" count="0"/>
        <line num="50" type="stmt" count="0"/>
        <line num="51" type="stmt" count="0"/>
        <line num="52" type="stmt" count="0"/>
        <line num="53" type="stmt" count="0"/>
        <line num="54" type="stmt" count="0"/>
        <line num="56" type="stmt" count="0"/>
        <line num="63" type="method" name="validateToken" visibility="protected" complexity="3" crap="12" count="0"/>
        <line num="65" type="stmt" count="0"/>
        <line num="67" type="stmt" count="0"/>
        <line num="68" type="stmt" count="0"/>
        <line num="69" type="stmt" count="0"/>
        <metrics loc="73" ncloc="63" classes="1" methods="3" coveredmethods="0" conditionals="0" coveredconditionals="0" statements="28" coveredstatements="0" elements="31" coveredelements="0"/>
      </file>
      <file name="/root/Analyt-Loan/app/Http/Controllers/HomeController.php">
        <class name="App\Http\Controllers\HomeController" namespace="App\Http\Controllers">
          <metrics complexity="1" methods="1" coveredmethods="0" conditionals="0" coveredconditionals="0" statements="1" coveredstatements="0" elements="2" coveredelements="0"/>
        </class>
        <line num="7" type="method" name="index" visibility="public" complexity="1" crap="2" count="0"/>
        <line num="9" type="stmt" count="0"/>
        <metrics loc="12" ncloc="12" classes="1" methods="1" coveredmethods="0" conditionals="0" coveredconditionals="0" statements="1" coveredstatements="0" elements="2" coveredelements="0"/>
      </file>
    </package>
    <package name="App\Http\Middleware">
      <file name="/root/Analyt-Loan/app/Http/Middleware/CheckOrganizationStatus.php">
        <class name="App\Http\Middleware\CheckOrganizationStatus" namespace="App\Http\Middleware">
          <metrics complexity="9" methods="1" coveredmethods="0" conditionals="0" coveredconditionals="0" statements="19" coveredstatements="9" elements="20" coveredelements="9"/>
        </class>
        <line num="18" type="method" name="handle" visibility="public" complexity="9" crap="20.81" count="12"/>
        <line num="20" type="stmt" count="12"/>
        <line num="21" type="stmt" count="0"/>
        <line num="25" type="stmt" count="12"/>
        <line num="26" type="stmt" count="7"/>
        <line num="29" type="stmt" count="7"/>
        <line num="30" type="stmt" count="0"/>
        <line num="33" type="stmt" count="7"/>
        <line num="35" type="stmt" count="7"/>
        <line num="36" type="stmt" count="2"/>
        <line num="37" type="stmt" count="0"/>
        <line num="38" type="stmt" count="0"/>
        <line num="39" type="stmt" count="0"/>
        <line num="40" type="stmt" count="0"/>
        <line num="42" type="stmt" count="0"/>
        <line num="43" type="stmt" count="0"/>
        <line num="45" type="stmt" count="12"/>
        <line num="50" type="stmt" count="0"/>
        <line num="51" type="stmt" count="0"/>
        <line num="54" type="stmt" count="12"/>
        <metrics loc="57" ncloc="51" classes="1" methods="1" coveredmethods="0" conditionals="0" coveredconditionals="0" statements="19" coveredstatements="9" elements="20" coveredelements="9"/>
      </file>
      <file name="/root/Analyt-Loan/app/Http/Middleware/DebugSession.php">
        <class name="App\Http\Middleware\DebugSession" namespace="App\Http\Middleware">
          <metrics complexity="6" methods="1" coveredmethods="0" conditionals="0" coveredconditionals="0" statements="31" coveredstatements="29" elements="32" coveredelements="29"/>
        </class>
        <line num="17" type="method" name="handle" visibility="public" complexity="6" crap="6.01" count="12"/>
        <line num="20" type="stmt" count="12"/>
        <line num="21" type="stmt" count="0"/>
        <line num="24" type="stmt" count="12"/>
        <line num="26" type="stmt" count="12"/>
        <line num="28" type="stmt" count="12"/>
        <line num="29" type="stmt" count="12"/>
        <line num="30" type="stmt" count="12"/>
        <line num="31" type="stmt" count="12"/>
        <line num="32" type="stmt" count="12"/>
        <line num="33" type="stmt" count="12"/>
        <line num="34" type="stmt" count="12"/>
        <line num="35" type="stmt" count="12"/>
        <line num="36" type="stmt" count="12"/>
        <line num="37" type="stmt" count="12"/>
        <line num="38" type="stmt" count="12"/>
        <line num="39" type="stmt" count="12"/>
        <line num="40" type="stmt" count="12"/>
        <line num="41" type="stmt" count="12"/>
        <line num="42" type="stmt" count="12"/>
        <line num="43" type="stmt" count="12"/>
        <line num="44" type="stmt" count="12"/>
        <line num="45" type="stmt" count="12"/>
        <line num="46" type="stmt" count="12"/>
        <line num="47" type="stmt" count="12"/>
        <line num="48" type="stmt" count="12"/>
        <line num="49" type="stmt" count="12"/>
        <line num="50" type="stmt" count="0"/>
        <line num="55" type="stmt" count="12"/>
        <line num="58" type="stmt" count="12"/>
        <line num="59" type="stmt" count="12"/>
        <line num="62" type="stmt" count="12"/>
        <metrics loc="65" ncloc="59" classes="1" methods="1" coveredmethods="0" conditionals="0" coveredconditionals="0" statements="31" coveredstatements="29" elements="32" coveredelements="29"/>
      </file>
      <file name="/root/Analyt-Loan/app/Http/Middleware/EnforceTenancy.php">
        <class name="App\Http\Middleware\EnforceTenancy" namespace="App\Http\Middleware">
          <metrics complexity="18" methods="2" coveredmethods="1" conditionals="0" coveredconditionals="0" statements="35" coveredstatements="30" elements="37" coveredelements="31"/>
        </class>
        <line num="16" type="method" name="__construct" visibility="public" complexity="1" crap="1" count="12"/>
        <line num="19" type="stmt" count="12"/>
        <line num="24" type="method" name="handle" visibility="public" complexity="17" crap="17.92" count="12"/>
        <line num="26" type="stmt" count="12"/>
        <line num="27" type="stmt" count="0"/>
        <line num="31" type="stmt" count="12"/>
        <line num="32" type="stmt" count="7"/>
        <line num="35" type="stmt" count="7"/>
        <line num="38" type="stmt" count="7"/>
        <line num="39" type="stmt" count="2"/>
        <line num="40" type="stmt" count="2"/>
        <line num="41" type="stmt" count="2"/>
        <line num="46" type="stmt" count="7"/>
        <line num="47" type="stmt" count="5"/>
        <line num="48" type="stmt" count="5"/>
        <line num="49" type="stmt" count="5"/>
        <line num="50" type="stmt" count="5"/>
        <line num="51" type="stmt" count="5"/>
        <line num="52" type="stmt" count="5"/>
        <line num="53" type="stmt" count="5"/>
        <line num="54" type="stmt" count="5"/>
        <line num="55" type="stmt" count="5"/>
        <line num="56" type="stmt" count="5"/>
        <line num="57" type="stmt" count="5"/>
        <line num="58" type="stmt" count="5"/>
        <line num="59" type="stmt" count="5"/>
        <line num="61" type="stmt" count="5"/>
        <line num="64" type="stmt" count="5"/>
        <line num="66" type="stmt" count="5"/>
        <line num="67" type="stmt" count="0"/>
        <line num="70" type="stmt" count="5"/>
        <line num="71" type="stmt" count="0"/>
        <line num="74" type="stmt" count="5"/>
        <line num="75" type="stmt" count="12"/>
        <line num="79" type="stmt" count="0"/>
        <line num="80" type="stmt" count="0"/>
        <line num="83" type="stmt" count="12"/>
        <metrics loc="86" ncloc="79" classes="1" methods="2" coveredmethods="1" conditionals="0" coveredconditionals="0" statements="35" coveredstatements="30" elements="37" coveredelements="31"/>
      </file>
      <file name="/root/Analyt-Loan/app/Http/Middleware/EnsureOrganizationKycApproved.php">
        <class name="App\Http\Middleware\EnsureOrganizationKycApproved" namespace="App\Http\Middleware">
          <metrics complexity="1" methods="1" coveredmethods="0" conditionals="0" coveredconditionals="0" statements="1" coveredstatements="0" elements="2" coveredelements="0"/>
        </class>
        <line num="16" type="method" name="handle" visibility="public" complexity="1" crap="2" count="0"/>
        <line num="18" type="stmt" count="0"/>
        <metrics loc="21" ncloc="16" classes="1" methods="1" coveredmethods="0" conditionals="0" coveredconditionals="0" statements="1" coveredstatements="0" elements="2" coveredelements="0"/>
      </file>
      <file name="/root/Analyt-Loan/app/Http/Middleware/FinancialIdempotency.php">
        <class name="App\Http\Middleware\FinancialIdempotency" namespace="App\Http\Middleware">
          <metrics complexity="9" methods="1" coveredmethods="0" conditionals="0" coveredconditionals="0" statements="23" coveredstatements="0" elements="24" coveredelements="0"/>
        </class>
        <line num="16" type="method" name="handle" visibility="public" complexity="9" crap="90" count="0"/>
        <line num="19" type="stmt" count="0"/>
        <line num="20" type="stmt" count="0"/>
        <line num="23" type="stmt" count="0"/>
        <line num="25" type="stmt" count="0"/>
        <line num="26" type="stmt" count="0"/>
        <line num="29" type="stmt" count="0"/>
        <line num="32" type="stmt" count="0"/>
        <line num="33" type="stmt" count="0"/>
        <line num="34" type="stmt" count="0"/>
        <line num="36" type="stmt" count="0"/>
        <line num="37" type="stmt" count="0"/>
        <line num="38" type="stmt" count="0"/>
        <line num="41" type="stmt" count="0"/>
        <line num="45" type="stmt" count="0"/>
        <line num="47" type="stmt" count="0"/>
        <line num="48" type="stmt" count="0"/>
        <line num="50" type="stmt" count="0"/>
        <line num="51" type="stmt" count="0"/>
        <line num="52" type="stmt" count="0"/>
        <line num="53" type="stmt" count="0"/>
        <line num="54" type="stmt" count="0"/>
        <line num="55" type="stmt" count="0"/>
        <line num="58" type="stmt" count="0"/>
        <metrics loc="61" ncloc="53" classes="1" methods="1" coveredmethods="0" conditionals="0" coveredconditionals="0" statements="23" coveredstatements="0" elements="24" coveredelements="0"/>
      </file>
      <file name="/root/Analyt-Loan/app/Http/Middleware/InjectTraceId.php">
        <class name="App\Http\Middleware\InjectTraceId" namespace="App\Http\Middleware">
          <metrics complexity="2" methods="1" coveredmethods="1" conditionals="0" coveredconditionals="0" statements="9" coveredstatements="9" elements="10" coveredelements="10"/>
        </class>
        <line num="17" type="method" name="handle" visibility="public" complexity="2" crap="2" count="16"/>
        <line num="19" type="stmt" count="16"/>
        <line num="20" type="stmt" count="16"/>
        <line num="22" type="stmt" count="16"/>
        <line num="23" type="stmt" count="16"/>
        <line num="24" type="stmt" count="16"/>
        <line num="25" type="stmt" count="16"/>
        <line num="28" type="stmt" count="16"/>
        <line num="30" type="stmt" count="16"/>
        <line num="32" type="stmt" count="16"/>
        <metrics loc="35" ncloc="32" classes="1" methods="1" coveredmethods="1" conditionals="0" coveredconditionals="0" statements="9" coveredstatements="9" elements="10" coveredelements="10"/>
      </file>
      <file name="/root/Analyt-Loan/app/Http/Middleware/OverrideOrganizationTime.php">
        <class name="App\Http\Middleware\OverrideOrganizationTime" namespace="App\Http\Middleware">
          <metrics complexity="5" methods="1" coveredmethods="0" conditionals="0" coveredconditionals="0" statements="12" coveredstatements="10" elements="13" coveredelements="10"/>
        </class>
        <line num="16" type="method" name="handle" visibility="public" complexity="5" crap="5.12" count="12"/>
        <line num="18" type="stmt" count="12"/>
        <line num="19" type="stmt" count="0"/>
        <line num="22" type="stmt" count="12"/>
        <line num="24" type="stmt" count="12"/>
        <line num="26" type="stmt" count="2"/>
        <line num="28" type="stmt" count="2"/>
        <line num="31" type="stmt" count="2"/>
        <line num="36" type="stmt" count="2"/>
        <line num="41" type="stmt" count="2"/>
        <line num="42" type="stmt" count="0"/>
        <line num="45" type="stmt" count="2"/>
        <line num="48" type="stmt" count="10"/>
        <metrics loc="51" ncloc="42" classes="1" methods="1" coveredmethods="0" conditionals="0" coveredconditionals="0" statements="12" coveredstatements="10" elements="13" coveredelements="10"/>
      </file>
      <file name="/root/Analyt-Loan/app/Http/Middleware/RoleMiddleware.php">
        <class name="App\Http\Middleware\RoleMiddleware" namespace="App\Http\Middleware">
          <metrics complexity="4" methods="1" coveredmethods="0" conditionals="0" coveredconditionals="0" statements="6" coveredstatements="4" elements="7" coveredelements="4"/>
        </class>
        <line num="13" type="method" name="handle" visibility="public" complexity="4" crap="4.59" count="1"/>
        <line num="15" type="stmt" count="1"/>
        <line num="16" type="stmt" count="0"/>
        <line num="19" type="stmt" count="1"/>
        <line num="22" type="stmt" count="1"/>
        <line num="23" type="stmt" count="1"/>
        <line num="26" type="stmt" count="0"/>
        <metrics loc="29" ncloc="28" classes="1" methods="1" coveredmethods="0" conditionals="0" coveredconditionals="0" statements="6" coveredstatements="4" elements="7" coveredelements="4"/>
      </file>
      <file name="/root/Analyt-Loan/app/Http/Middleware/UpdateUserLastSeen.php">
        <class name="App\Http\Middleware\UpdateUserLastSeen" namespace="App\Http\Middleware">
          <metrics complexity="5" methods="1" coveredmethods="0" conditionals="0" coveredconditionals="0" statements="13" coveredstatements="11" elements="14" coveredelements="11"/>
        </class>
        <line num="17" type="method" name="handle" visibility="public" complexity="5" crap="5.09" count="3"/>
        <line num="19" type="stmt" count="3"/>
        <line num="21" type="stmt" count="3"/>
        <line num="22" type="stmt" count="3"/>
        <line num="23" type="stmt" count="3"/>
        <line num="25" type="stmt" count="3"/>
        <line num="26" type="stmt" count="3"/>
        <line num="28" type="stmt" count="0"/>
        <line num="29" type="stmt" count="0"/>
        <line num="33" type="stmt" count="3"/>
        <line num="34" type="stmt" count="3"/>
        <line num="35" type="stmt" count="3"/>
        <line num="36" type="stmt" count="3"/>
        <line num="40" type="stmt" count="3"/>
        <metrics loc="43" ncloc="38" classes="1" methods="1" coveredmethods="0" conditionals="0" coveredconditionals="0" statements="13" coveredstatements="11" elements="14" coveredelements="11"/>
      </file>
    </package>
    <package name="App\Http\Resources">
      <file name="/root/Analyt-Loan/app/Http/Resources/BorrowerResource.php">
        <class name="App\Http\Resources\BorrowerResource" namespace="App\Http\Resources">
          <metrics complexity="1" methods="1" coveredmethods="0" conditionals="0" coveredconditionals="0" statements="13" coveredstatements="0" elements="14" coveredelements="0"/>
        </class>
        <line num="22" type="method" name="toArray" visibility="public" complexity="1" crap="2" count="0"/>
        <line num="24" type="stmt" count="0"/>
        <line num="25" type="stmt" count="0"/>
        <line num="26" type="stmt" count="0"/>
        <line num="27" type="stmt" count="0"/>
        <line num="28" type="stmt" count="0"/>
        <line num="29" type="stmt" count="0"/>
        <line num="30" type="stmt" count="0"/>
        <line num="31" type="stmt" count="0"/>
        <line num="32" type="stmt" count="0"/>
        <line num="33" type="stmt" count="0"/>
        <line num="34" type="stmt" count="0"/>
        <line num="35" type="stmt" count="0"/>
        <line num="36" type="stmt" count="0"/>
        <metrics loc="39" ncloc="28" classes="1" methods="1" coveredmethods="0" conditionals="0" coveredconditionals="0" statements="13" coveredstatements="0" elements="14" coveredelements="0"/>
      </file>
      <file name="/root/Analyt-Loan/app/Http/Resources/LoanResource.php">
        <class name="App\Http\Resources\LoanResource" namespace="App\Http\Resources">
          <metrics complexity="1" methods="1" coveredmethods="0" conditionals="0" coveredconditionals="0" statements="13" coveredstatements="0" elements="14" coveredelements="0"/>
        </class>
        <line num="24" type="method" name="toArray" visibility="public" complexity="1" crap="2" count="0"/>
        <line num="26" type="stmt" count="0"/>
        <line num="27" type="stmt" count="0"/>
        <line num="28" type="stmt" count="0"/>
        <line num="29" type="stmt" count="0"/>
        <line num="30" type="stmt" count="0"/>
        <line num="31" type="stmt" count="0"/>
        <line num="32" type="stmt" count="0"/>
        <line num="33" type="stmt" count="0"/>
        <line num="34" type="stmt" count="0"/>
        <line num="35" type="stmt" count="0"/>
        <line num="36" type="stmt" count="0"/>
        <line num="37" type="stmt" count="0"/>
        <line num="38" type="stmt" count="0"/>
        <metrics loc="41" ncloc="29" classes="1" methods="1" coveredmethods="0" conditionals="0" coveredconditionals="0" statements="13" coveredstatements="0" elements="14" coveredelements="0"/>
      </file>
      <file name="/root/Analyt-Loan/app/Http/Resources/RepaymentResource.php">
        <class name="App\Http\Resources\RepaymentResource" namespace="App\Http\Resources">
          <metrics complexity="1" methods="1" coveredmethods="0" conditionals="0" coveredconditionals="0" statements="1" coveredstatements="0" elements="2" coveredelements="0"/>
        </class>
        <line num="15" type="method" name="toArray" visibility="public" complexity="1" crap="2" count="0"/>
        <line num="17" type="stmt" count="0"/>
        <metrics loc="20" ncloc="15" classes="1" methods="1" coveredmethods="0" conditionals="0" coveredconditionals="0" statements="1" coveredstatements="0" elements="2" coveredelements="0"/>
      </file>
    </package>
    <package name="App\Jobs">
      <file name="/root/Analyt-Loan/app/Jobs/ProcessLoanAttachment.php">
        <class name="App\Jobs\ProcessLoanAttachment" namespace="App\Jobs">
          <metrics complexity="10" methods="2" coveredmethods="1" conditionals="0" coveredconditionals="0" statements="26" coveredstatements="21" elements="28" coveredelements="22"/>
        </class>
        <line num="24" type="method" name="__construct" visibility="public" complexity="1" crap="1" count="3"/>
        <line num="29" type="stmt" count="3"/>
        <line num="35" type="method" name="handle" visibility="public" complexity="9" crap="9.65" count="2"/>
        <line num="37" type="stmt" count="2"/>
        <line num="38" type="stmt" count="2"/>
        <line num="41" type="stmt" count="2"/>
        <line num="43" type="stmt" count="2"/>
        <line num="44" type="stmt" count="0"/>
        <line num="45" type="stmt" count="0"/>
        <line num="48" type="stmt" count="0"/>
        <line num="51" type="stmt" count="2"/>
        <line num="52" type="stmt" count="2"/>
        <line num="53" type="stmt" count="2"/>
        <line num="55" type="stmt" count="2"/>
        <line num="56" type="stmt" count="0"/>
        <line num="57" type="stmt" count="2"/>
        <line num="59" type="stmt" count="2"/>
        <line num="60" type="stmt" count="2"/>
        <line num="62" type="stmt" count="2"/>
        <line num="63" type="stmt" count="2"/>
        <line num="67" type="stmt" count="2"/>
        <line num="68" type="stmt" count="2"/>
        <line num="69" type="stmt" count="2"/>
        <line num="70" type="stmt" count="2"/>
        <line num="71" type="stmt" count="2"/>
        <line num="75" type="stmt" count="2"/>
        <line num="77" type="stmt" count="2"/>
        <line num="78" type="stmt" count="0"/>
        <metrics loc="82" ncloc="74" classes="1" methods="2" coveredmethods="1" conditionals="0" coveredconditionals="0" statements="26" coveredstatements="21" elements="28" coveredelements="22"/>
      </file>
    </package>
    <package name="App\Listeners">
      <file name="/root/Analyt-Loan/app/Listeners/RecalculateTrustScore.php">
        <class name="App\Listeners\RecalculateTrustScore" namespace="App\Listeners">
          <metrics complexity="1" methods="1" coveredmethods="1" conditionals="0" coveredconditionals="0" statements="2" coveredstatements="2" elements="3" coveredelements="3"/>
        </class>
        <line num="16" type="method" name="handle" visibility="public" complexity="1" crap="1" count="29"/>
        <line num="18" type="stmt" count="29"/>
        <line num="19" type="stmt" count="29"/>
        <metrics loc="22" ncloc="19" classes="1" methods="1" coveredmethods="1" conditionals="0" coveredconditionals="0" statements="2" coveredstatements="2" elements="3" coveredelements="3"/>
      </file>
      <file name="/root/Analyt-Loan/app/Listeners/SyncLoanSchedule.php">
        <class name="App\Listeners\SyncLoanSchedule" namespace="App\Listeners">
          <metrics complexity="1" methods="1" coveredmethods="1" conditionals="0" coveredconditionals="0" statements="1" coveredstatements="1" elements="2" coveredelements="2"/>
        </class>
        <line num="12" type="method" name="handle" visibility="public" complexity="1" crap="1" count="29"/>
        <line num="14" type="stmt" count="29"/>
        <metrics loc="17" ncloc="14" classes="1" methods="1" coveredmethods="1" conditionals="0" coveredconditionals="0" statements="1" coveredstatements="1" elements="2" coveredelements="2"/>
      </file>
      <file name="/root/Analyt-Loan/app/Listeners/UpdateBorrowerReadModel.php">
        <class name="App\Listeners\UpdateBorrowerReadModel" namespace="App\Listeners">
          <metrics complexity="1" methods="1" coveredmethods="1" conditionals="0" coveredconditionals="0" statements="5" coveredstatements="5" elements="6" coveredelements="6"/>
        </class>
        <line num="16" type="method" name="handle" visibility="public" complexity="1" crap="1" count="29"/>
        <line num="18" type="stmt" count="29"/>
        <line num="20" type="stmt" count="29"/>
        <line num="21" type="stmt" count="29"/>
        <line num="22" type="stmt" count="29"/>
        <line num="23" type="stmt" count="29"/>
        <metrics loc="26" ncloc="23" classes="1" methods="1" coveredmethods="1" conditionals="0" coveredconditionals="0" statements="5" coveredstatements="5" elements="6" coveredelements="6"/>
      </file>
    </package>
    <package name="App\Livewire">
      <file name="/root/Analyt-Loan/app/Livewire/ActionCenter.php">
        <class name="App\Livewire\ActionCenter" namespace="App\Livewire">
          <metrics complexity="9" methods="4" coveredmethods="4" conditionals="0" coveredconditionals="0" statements="41" coveredstatements="41" elements="45" coveredelements="45"/>
        </class>
        <line num="13" type="method" name="mount" visibility="public" complexity="1" crap="1" count="4"/>
        <line num="15" type="stmt" count="4"/>
        <line num="18" type="method" name="loadTasks" visibility="public" complexity="4" crap="4" count="4"/>
        <line num="20" type="stmt" count="4"/>
        <line num="21" type="stmt" count="4"/>
        <line num="22" type="stmt" count="4"/>
        <line num="25" type="stmt" count="4"/>
        <line num="26" type="stmt" count="4"/>
        <line num="28" type="stmt" count="4"/>
        <line num="29" type="stmt" count="4"/>
        <line num="30" type="stmt" count="4"/>
        <line num="31" type="stmt" count="4"/>
        <line num="32" type="stmt" count="4"/>
        <line num="33" type="stmt" count="4"/>
        <line num="36" type="stmt" count="4"/>
        <line num="37" type="stmt" count="4"/>
        <line num="38" type="stmt" count="4"/>
        <line num="39" type="stmt" count="3"/>
        <line num="40" type="stmt" count="3"/>
        <line num="41" type="stmt" count="3"/>
        <line num="42" type="stmt" count="3"/>
        <line num="43" type="stmt" count="3"/>
        <line num="44" type="stmt" count="3"/>
        <line num="45" type="stmt" count="3"/>
        <line num="46" type="stmt" count="3"/>
        <line num="47" type="stmt" count="3"/>
        <line num="48" type="stmt" count="4"/>
        <line num="51" type="method" name="markAsResolved" visibility="public" complexity="3" crap="3" count="1"/>
        <line num="53" type="stmt" count="1"/>
        <line num="54" type="stmt" count="1"/>
        <line num="56" type="stmt" count="1"/>
        <line num="57" type="stmt" count="1"/>
        <line num="58" type="stmt" count="1"/>
        <line num="59" type="stmt" count="1"/>
        <line num="60" type="stmt" count="1"/>
        <line num="61" type="stmt" count="1"/>
        <line num="62" type="stmt" count="1"/>
        <line num="65" type="stmt" count="1"/>
        <line num="66" type="stmt" count="1"/>
        <line num="67" type="stmt" count="1"/>
        <line num="68" type="stmt" count="1"/>
        <line num="70" type="stmt" count="1"/>
        <line num="71" type="stmt" count="1"/>
        <line num="74" type="method" name="render" visibility="public" complexity="1" crap="1" count="4"/>
        <line num="76" type="stmt" count="4"/>
        <metrics loc="79" ncloc="78" classes="1" methods="4" coveredmethods="4" conditionals="0" coveredconditionals="0" statements="41" coveredstatements="41" elements="45" coveredelements="45"/>
      </file>
      <file name="/root/Analyt-Loan/app/Livewire/AdminDashboard.php">
        <class name="App\Livewire\AdminDashboard" namespace="App\Livewire">
          <metrics complexity="33" methods="8" coveredmethods="5" conditionals="0" coveredconditionals="0" statements="186" coveredstatements="175" elements="194" coveredelements="180"/>
        </class>
        <line num="71" type="method" name="clearCache" visibility="public" complexity="2" crap="2" count="146"/>
        <line num="73" type="stmt" count="146"/>
        <line num="74" type="stmt" count="146"/>
        <line num="75" type="stmt" count="3"/>
        <line num="79" type="method" name="getListeners" visibility="public" complexity="1" crap="1" count="9"/>
        <line num="81" type="stmt" count="9"/>
        <line num="83" type="stmt" count="9"/>
        <line num="84" type="stmt" count="9"/>
        <line num="85" type="stmt" count="9"/>
        <line num="86" type="stmt" count="9"/>
        <line num="89" type="method" name="loadStatsAndForce" visibility="public" complexity="1" crap="2" count="0"/>
        <line num="91" type="stmt" count="0"/>
        <line num="94" type="method" name="mount" visibility="public" complexity="5" crap="5.03" count="8"/>
        <line num="96" type="stmt" count="8"/>
        <line num="97" type="stmt" count="8"/>
        <line num="100" type="stmt" count="8"/>
        <line num="101" type="stmt" count="8"/>
        <line num="102" type="stmt" count="8"/>
        <line num="103" type="stmt" count="8"/>
        <line num="104" type="stmt" count="8"/>
        <line num="105" type="stmt" count="8"/>
        <line num="106" type="stmt" count="8"/>
        <line num="107" type="stmt" count="8"/>
        <line num="108" type="stmt" count="8"/>
        <line num="109" type="stmt" count="8"/>
        <line num="112" type="stmt" count="8"/>
        <line num="113" type="stmt" count="8"/>
        <line num="114" type="stmt" count="0"/>
        <line num="116" type="stmt" count="8"/>
        <line num="119" type="stmt" count="0"/>
        <line num="122" type="stmt" count="8"/>
        <line num="125" type="method" name="updatedSelectedPortfolioId" visibility="public" complexity="1" crap="1" count="1"/>
        <line num="127" type="stmt" count="1"/>
        <line num="130" type="method" name="loadStats" visibility="public" complexity="18" crap="18.07" count="8"/>
        <line num="132" type="stmt" count="8"/>
        <line num="133" type="stmt" count="8"/>
        <line num="134" type="stmt" count="8"/>
        <line num="136" type="stmt" count="8"/>
        <line num="138" type="stmt" count="8"/>
        <line num="139" type="stmt" count="0"/>
        <line num="142" type="stmt" count="8"/>
        <line num="144" type="stmt" count="8"/>
        <line num="147" type="stmt" count="8"/>
        <line num="148" type="stmt" count="8"/>
        <line num="149" type="stmt" count="8"/>
        <line num="151" type="stmt" count="8"/>
        <line num="152" type="stmt" count="0"/>
        <line num="153" type="stmt" count="0"/>
        <line num="154" type="stmt" count="0"/>
        <line num="156" type="stmt" count="8"/>
        <line num="157" type="stmt" count="8"/>
        <line num="158" type="stmt" count="8"/>
        <line num="159" type="stmt" count="8"/>
        <line num="164" type="stmt" count="8"/>
        <line num="165" type="stmt" count="8"/>
        <line num="166" type="stmt" count="8"/>
        <line num="167" type="stmt" count="8"/>
        <line num="168" type="stmt" count="8"/>
        <line num="169" type="stmt" count="8"/>
        <line num="170" type="stmt" count="8"/>
        <line num="172" type="stmt" count="8"/>
        <line num="173" type="stmt" count="1"/>
        <line num="174" type="stmt" count="1"/>
        <line num="175" type="stmt" count="1"/>
        <line num="176" type="stmt" count="1"/>
        <line num="177" type="stmt" count="1"/>
        <line num="178" type="stmt" count="1"/>
        <line num="179" type="stmt" count="1"/>
        <line num="182" type="stmt" count="1"/>
        <line num="183" type="stmt" count="0"/>
        <line num="184" type="stmt" count="1"/>
        <line num="186" type="stmt" count="1"/>
        <line num="187" type="stmt" count="1"/>
        <line num="188" type="stmt" count="1"/>
        <line num="189" type="stmt" count="1"/>
        <line num="190" type="stmt" count="1"/>
        <line num="191" type="stmt" count="1"/>
        <line num="192" type="stmt" count="1"/>
        <line num="193" type="stmt" count="1"/>
        <line num="197" type="stmt" count="8"/>
        <line num="198" type="stmt" count="8"/>
        <line num="199" type="stmt" count="8"/>
        <line num="201" type="stmt" count="8"/>
        <line num="202" type="stmt" count="2"/>
        <line num="203" type="stmt" count="8"/>
        <line num="204" type="stmt" count="8"/>
        <line num="205" type="stmt" count="2"/>
        <line num="206" type="stmt" count="8"/>
        <line num="208" type="stmt" count="8"/>
        <line num="209" type="stmt" count="8"/>
        <line num="210" type="stmt" count="8"/>
        <line num="211" type="stmt" count="8"/>
        <line num="212" type="stmt" count="8"/>
        <line num="213" type="stmt" count="8"/>
        <line num="214" type="stmt" count="8"/>
        <line num="215" type="stmt" count="8"/>
        <line num="216" type="stmt" count="2"/>
        <line num="222" type="stmt" count="8"/>
        <line num="223" type="stmt" count="8"/>
        <line num="224" type="stmt" count="8"/>
        <line num="225" type="stmt" count="8"/>
        <line num="226" type="stmt" count="8"/>
        <line num="227" type="stmt" count="8"/>
        <line num="228" type="stmt" count="8"/>
        <line num="230" type="stmt" count="8"/>
        <line num="231" type="stmt" count="8"/>
        <line num="232" type="stmt" count="8"/>
        <line num="233" type="stmt" count="8"/>
        <line num="234" type="stmt" count="8"/>
        <line num="235" type="stmt" count="8"/>
        <line num="237" type="stmt" count="8"/>
        <line num="238" type="stmt" count="8"/>
        <line num="239" type="stmt" count="8"/>
        <line num="240" type="stmt" count="8"/>
        <line num="241" type="stmt" count="8"/>
        <line num="242" type="stmt" count="8"/>
        <line num="244" type="stmt" count="8"/>
        <line num="245" type="stmt" count="8"/>
        <line num="246" type="stmt" count="8"/>
        <line num="248" type="stmt" count="8"/>
        <line num="249" type="stmt" count="8"/>
        <line num="251" type="stmt" count="8"/>
        <line num="252" type="stmt" count="8"/>
        <line num="254" type="stmt" count="8"/>
        <line num="255" type="stmt" count="8"/>
        <line num="258" type="stmt" count="8"/>
        <line num="259" type="stmt" count="8"/>
        <line num="260" type="stmt" count="8"/>
        <line num="262" type="stmt" count="8"/>
        <line num="263" type="stmt" count="0"/>
        <line num="264" type="stmt" count="0"/>
        <line num="265" type="stmt" count="0"/>
        <line num="266" type="stmt" count="8"/>
        <line num="267" type="stmt" count="8"/>
        <line num="268" type="stmt" count="8"/>
        <line num="269" type="stmt" count="8"/>
        <line num="272" type="stmt" count="8"/>
        <line num="273" type="stmt" count="8"/>
        <line num="274" type="stmt" count="8"/>
        <line num="277" type="stmt" count="8"/>
        <line num="278" type="stmt" count="8"/>
        <line num="279" type="stmt" count="8"/>
        <line num="280" type="stmt" count="8"/>
        <line num="281" type="stmt" count="8"/>
        <line num="282" type="stmt" count="8"/>
        <line num="283" type="stmt" count="8"/>
        <line num="284" type="stmt" count="8"/>
        <line num="285" type="stmt" count="8"/>
        <line num="286" type="stmt" count="8"/>
        <line num="287" type="stmt" count="8"/>
        <line num="288" type="stmt" count="8"/>
        <line num="289" type="stmt" count="8"/>
        <line num="290" type="stmt" count="8"/>
        <line num="291" type="stmt" count="8"/>
        <line num="292" type="stmt" count="8"/>
        <line num="293" type="stmt" count="8"/>
        <line num="295" type="stmt" count="8"/>
        <line num="296" type="stmt" count="8"/>
        <line num="298" type="stmt" count="8"/>
        <line num="299" type="stmt" count="8"/>
        <line num="300" type="stmt" count="8"/>
        <line num="305" type="stmt" count="8"/>
        <line num="306" type="stmt" count="8"/>
        <line num="307" type="stmt" count="8"/>
        <line num="308" type="stmt" count="8"/>
        <line num="310" type="stmt" count="8"/>
        <line num="311" type="stmt" count="8"/>
        <line num="314" type="stmt" count="8"/>
        <line num="317" type="method" name="loadActionItems" visibility="public" complexity="4" crap="4" count="8"/>
        <line num="319" type="stmt" count="8"/>
        <line num="320" type="stmt" count="8"/>
        <line num="321" type="stmt" count="8"/>
        <line num="323" type="stmt" count="8"/>
        <line num="324" type="stmt" count="8"/>
        <line num="325" type="stmt" count="8"/>
        <line num="326" type="stmt" count="8"/>
        <line num="327" type="stmt" count="8"/>
        <line num="328" type="stmt" count="8"/>
        <line num="331" type="stmt" count="8"/>
        <line num="332" type="stmt" count="8"/>
        <line num="333" type="stmt" count="8"/>
        <line num="334" type="stmt" count="8"/>
        <line num="335" type="stmt" count="8"/>
        <line num="336" type="stmt" count="8"/>
        <line num="337" type="stmt" count="8"/>
        <line num="338" type="stmt" count="8"/>
        <line num="339" type="stmt" count="8"/>
        <line num="340" type="stmt" count="8"/>
        <line num="341" type="stmt" count="8"/>
        <line num="342" type="stmt" count="8"/>
        <line num="343" type="stmt" count="8"/>
        <line num="344" type="stmt" count="8"/>
        <line num="347" type="method" name="render" visibility="public" complexity="1" crap="1" count="8"/>
        <line num="349" type="stmt" count="8"/>
        <metrics loc="352" ncloc="337" classes="1" methods="8" coveredmethods="5" conditionals="0" coveredconditionals="0" statements="186" coveredstatements="175" elements="194" coveredelements="180"/>
      </file>
      <file name="/root/Analyt-Loan/app/Livewire/BorrowerProfile.php">
        <class name="App\Livewire\BorrowerProfile" namespace="App\Livewire">
          <metrics complexity="25" methods="9" coveredmethods="4" conditionals="0" coveredconditionals="0" statements="141" coveredstatements="129" elements="150" coveredelements="133"/>
        </class>
        <line num="81" type="method" name="mount" visibility="public" complexity="2" crap="2" count="10"/>
        <line num="83" type="stmt" count="10"/>
        <line num="84" type="stmt" count="1"/>
        <line num="86" type="stmt" count="9"/>
        <line num="87" type="stmt" count="9"/>
        <line num="88" type="stmt" count="9"/>
        <line num="91" type="method" name="loadFields" visibility="public" complexity="5" crap="5.05" count="9"/>
        <line num="93" type="stmt" count="9"/>
        <line num="94" type="stmt" count="9"/>
        <line num="95" type="stmt" count="9"/>
        <line num="96" type="stmt" count="9"/>
        <line num="97" type="stmt" count="9"/>
        <line num="98" type="stmt" count="9"/>
        <line num="99" type="stmt" count="9"/>
        <line num="100" type="stmt" count="9"/>
        <line num="101" type="stmt" count="9"/>
        <line num="102" type="stmt" count="9"/>
        <line num="103" type="stmt" count="9"/>
        <line num="104" type="stmt" count="9"/>
        <line num="105" type="stmt" count="9"/>
        <line num="107" type="stmt" count="9"/>
        <line num="108" type="stmt" count="0"/>
        <line num="109" type="stmt" count="9"/>
        <line num="111" type="stmt" count="9"/>
        <line num="112" type="stmt" count="0"/>
        <line num="113" type="stmt" count="9"/>
        <line num="115" type="stmt" count="9"/>
        <line num="116" type="stmt" count="0"/>
        <line num="117" type="stmt" count="9"/>
        <line num="119" type="stmt" count="9"/>
        <line num="120" type="stmt" count="9"/>
        <line num="123" type="method" name="approveKyc" visibility="public" complexity="2" crap="2.01" count="2"/>
        <line num="125" type="stmt" count="2"/>
        <line num="126" type="stmt" count="0"/>
        <line num="128" type="stmt" count="0"/>
        <line num="131" type="stmt" count="2"/>
        <line num="132" type="stmt" count="2"/>
        <line num="133" type="stmt" count="2"/>
        <line num="134" type="stmt" count="2"/>
        <line num="136" type="stmt" count="2"/>
        <line num="137" type="stmt" count="2"/>
        <line num="138" type="stmt" count="2"/>
        <line num="139" type="stmt" count="2"/>
        <line num="140" type="stmt" count="2"/>
        <line num="141" type="stmt" count="2"/>
        <line num="143" type="stmt" count="2"/>
        <line num="144" type="stmt" count="2"/>
        <line num="146" type="stmt" count="2"/>
        <line num="149" type="method" name="declineKyc" visibility="public" complexity="2" crap="2.00" count="2"/>
        <line num="151" type="stmt" count="2"/>
        <line num="152" type="stmt" count="0"/>
        <line num="154" type="stmt" count="0"/>
        <line num="157" type="stmt" count="2"/>
        <line num="158" type="stmt" count="2"/>
        <line num="159" type="stmt" count="2"/>
        <line num="161" type="stmt" count="2"/>
        <line num="162" type="stmt" count="2"/>
        <line num="163" type="stmt" count="2"/>
        <line num="164" type="stmt" count="2"/>
        <line num="166" type="stmt" count="2"/>
        <line num="167" type="stmt" count="2"/>
        <line num="168" type="stmt" count="2"/>
        <line num="169" type="stmt" count="2"/>
        <line num="170" type="stmt" count="2"/>
        <line num="171" type="stmt" count="2"/>
        <line num="173" type="stmt" count="2"/>
        <line num="174" type="stmt" count="2"/>
        <line num="175" type="stmt" count="2"/>
        <line num="178" type="method" name="resolveKycNotifications" visibility="protected" complexity="1" crap="1" count="4"/>
        <line num="180" type="stmt" count="4"/>
        <line num="181" type="stmt" count="4"/>
        <line num="182" type="stmt" count="4"/>
        <line num="183" type="stmt" count="4"/>
        <line num="184" type="stmt" count="4"/>
        <line num="187" type="method" name="toggleEdit" visibility="public" complexity="2" crap="2.15" count="2"/>
        <line num="189" type="stmt" count="2"/>
        <line num="190" type="stmt" count="2"/>
        <line num="191" type="stmt" count="0"/>
        <line num="195" type="method" name="deleteCustomer" visibility="public" complexity="2" crap="2" count="2"/>
        <line num="197" type="stmt" count="2"/>
        <line num="198" type="stmt" count="1"/>
        <line num="200" type="stmt" count="1"/>
        <line num="203" type="stmt" count="1"/>
        <line num="204" type="stmt" count="1"/>
        <line num="207" type="stmt" count="1"/>
        <line num="209" type="stmt" count="1"/>
        <line num="210" type="stmt" count="1"/>
        <line num="211" type="stmt" count="1"/>
        <line num="212" type="stmt" count="1"/>
        <line num="213" type="stmt" count="1"/>
        <line num="215" type="stmt" count="1"/>
        <line num="217" type="stmt" count="1"/>
        <line num="220" type="method" name="save" visibility="public" complexity="8" crap="8.02" count="2"/>
        <line num="222" type="stmt" count="2"/>
        <line num="223" type="stmt" count="0"/>
        <line num="225" type="stmt" count="0"/>
        <line num="228" type="stmt" count="2"/>
        <line num="229" type="stmt" count="2"/>
        <line num="230" type="stmt" count="2"/>
        <line num="231" type="stmt" count="2"/>
        <line num="232" type="stmt" count="2"/>
        <line num="233" type="stmt" count="2"/>
        <line num="234" type="stmt" count="2"/>
        <line num="235" type="stmt" count="2"/>
        <line num="236" type="stmt" count="2"/>
        <line num="237" type="stmt" count="2"/>
        <line num="238" type="stmt" count="2"/>
        <line num="239" type="stmt" count="2"/>
        <line num="240" type="stmt" count="2"/>
        <line num="241" type="stmt" count="2"/>
        <line num="242" type="stmt" count="2"/>
        <line num="244" type="stmt" count="2"/>
        <line num="245" type="stmt" count="2"/>
        <line num="246" type="stmt" count="2"/>
        <line num="247" type="stmt" count="2"/>
        <line num="248" type="stmt" count="2"/>
        <line num="250" type="stmt" count="2"/>
        <line num="251" type="stmt" count="2"/>
        <line num="252" type="stmt" count="2"/>
        <line num="253" type="stmt" count="2"/>
        <line num="254" type="stmt" count="2"/>
[...]
        <line num="110" type="stmt" count="10"/>
        <line num="111" type="stmt" count="10"/>
        <line num="112" type="stmt" count="10"/>
        <line num="113" type="stmt" count="10"/>
        <line num="115" type="stmt" count="10"/>
        <line num="116" type="stmt" count="1"/>
        <line num="119" type="stmt" count="10"/>
        <line num="120" type="stmt" count="10"/>
        <line num="123" type="stmt" count="10"/>
        <line num="124" type="stmt" count="3"/>
        <line num="127" type="stmt" count="7"/>
        <line num="128" type="stmt" count="3"/>
        <line num="131" type="stmt" count="4"/>
        <line num="133" type="stmt" count="4"/>
        <line num="134" type="stmt" count="3"/>
        <line num="135" type="stmt" count="2"/>
        <line num="136" type="stmt" count="0"/>
        <line num="137" type="stmt" count="2"/>
        <line num="138" type="stmt" count="1"/>
        <line num="139" type="stmt" count="1"/>
        <line num="140" type="stmt" count="0"/>
        <line num="143" type="stmt" count="1"/>
        <metrics loc="146" ncloc="121" classes="1" methods="4" coveredmethods="3" conditionals="0" coveredconditionals="0" statements="65" coveredstatements="62" elements="69" coveredelements="65"/>
      </file>
    </package>
    <package name="App\Services\Storage">
      <file name="/root/Analyt-Loan/app/Services/Storage/LaravelStorageProvider.php">
        <class name="App\Services\Storage\LaravelStorageProvider" namespace="App\Services\Storage">
          <metrics complexity="10" methods="6" coveredmethods="2" conditionals="0" coveredconditionals="0" statements="8" coveredstatements="4" elements="14" coveredelements="6"/>
        </class>
        <line num="12" type="method" name="__construct" visibility="public" complexity="4" crap="4" count="8"/>
        <line num="14" type="stmt" count="8"/>
        <line num="17" type="method" name="url" visibility="public" complexity="2" crap="2.15" count="2"/>
        <line num="19" type="stmt" count="2"/>
        <line num="20" type="stmt" count="0"/>
        <line num="23" type="stmt" count="2"/>
        <line num="26" type="method" name="put" visibility="public" complexity="1" crap="2" count="0"/>
        <line num="28" type="stmt" count="0"/>
        <line num="31" type="method" name="delete" visibility="public" complexity="1" crap="2" count="0"/>
        <line num="33" type="stmt" count="0"/>
        <line num="36" type="method" name="exists" visibility="public" complexity="1" crap="2" count="0"/>
        <line num="38" type="stmt" count="0"/>
        <line num="41" type="method" name="getDisk" visibility="public" complexity="1" crap="1" count="8"/>
        <line num="43" type="stmt" count="8"/>
        <metrics loc="46" ncloc="46" classes="1" methods="6" coveredmethods="2" conditionals="0" coveredconditionals="0" statements="8" coveredstatements="4" elements="14" coveredelements="6"/>
      </file>
    </package>
    <package name="App\Support">
      <file name="/root/Analyt-Loan/app/Support/Tracing.php">
        <class name="App\Support\Tracing" namespace="App\Support">
          <metrics complexity="10" methods="5" coveredmethods="2" conditionals="0" coveredconditionals="0" statements="24" coveredstatements="10" elements="29" coveredelements="12"/>
        </class>
        <line num="18" type="method" name="getTraceId" visibility="public" complexity="2" crap="2" count="22"/>
        <line num="20" type="stmt" count="22"/>
        <line num="21" type="stmt" count="1"/>
        <line num="24" type="stmt" count="22"/>
        <line num="27" type="method" name="setTraceId" visibility="public" complexity="2" crap="2" count="18"/>
        <line num="29" type="stmt" count="18"/>
        <line num="31" type="stmt" count="18"/>
        <line num="32" type="stmt" count="18"/>
        <line num="33" type="stmt" count="18"/>
        <line num="34" type="stmt" count="18"/>
        <line num="38" type="method" name="startTransaction" visibility="public" complexity="2" crap="6" count="0"/>
        <line num="40" type="stmt" count="0"/>
        <line num="41" type="stmt" count="0"/>
        <line num="44" type="stmt" count="0"/>
        <line num="45" type="stmt" count="0"/>
        <line num="46" type="stmt" count="0"/>
        <line num="48" type="stmt" count="0"/>
        <line num="50" type="stmt" count="0"/>
        <line num="53" type="method" name="finishTransaction" visibility="public" complexity="2" crap="6" count="0"/>
        <line num="55" type="stmt" count="0"/>
        <line num="56" type="stmt" count="0"/>
        <line num="57" type="stmt" count="0"/>
        <line num="61" type="method" name="startSpan" visibility="public" complexity="2" crap="3.19" count="50"/>
        <line num="63" type="stmt" count="50"/>
        <line num="64" type="stmt" count="50"/>
        <line num="67" type="stmt" count="0"/>
        <line num="68" type="stmt" count="0"/>
        <line num="69" type="stmt" count="0"/>
        <line num="71" type="stmt" count="0"/>
        <metrics loc="74" ncloc="74" classes="1" methods="5" coveredmethods="2" conditionals="0" coveredconditionals="0" statements="24" coveredstatements="10" elements="29" coveredelements="12"/>
      </file>
    </package>
    <file name="/root/Analyt-Loan/app/Support/helpers.php">
      <line num="6" type="stmt" count="1"/>
      <line num="16" type="stmt" count="152"/>
      <line num="17" type="stmt" count="7"/>
      <line num="20" type="stmt" count="152"/>
      <line num="21" type="stmt" count="0"/>
      <line num="24" type="stmt" count="152"/>
      <line num="25" type="stmt" count="23"/>
      <line num="28" type="stmt" count="152"/>
      <metrics loc="31" ncloc="24" classes="0" methods="0" coveredmethods="0" conditionals="0" coveredconditionals="0" statements="8" coveredstatements="7" elements="8" coveredelements="7"/>
    </file>
    <package name="App\Traits">
      <file name="/root/Analyt-Loan/app/Traits/Auditable.php">
        <class name="App\Traits\Auditable" namespace="App\Traits">
          <metrics complexity="5" methods="3" coveredmethods="1" conditionals="0" coveredconditionals="0" statements="27" coveredstatements="25" elements="30" coveredelements="26"/>
        </class>
        <line num="13" type="method" name="bootAuditable" visibility="public" complexity="2" crap="2" count="281"/>
        <line num="15" type="stmt" count="281"/>
        <line num="16" type="stmt" count="84"/>
        <line num="17" type="stmt" count="281"/>
        <line num="19" type="stmt" count="281"/>
        <line num="20" type="stmt" count="19"/>
        <line num="21" type="stmt" count="19"/>
        <line num="24" type="stmt" count="19"/>
        <line num="26" type="stmt" count="19"/>
        <line num="27" type="stmt" count="19"/>
        <line num="29" type="stmt" count="281"/>
        <line num="31" type="stmt" count="281"/>
        <line num="32" type="stmt" count="3"/>
        <line num="33" type="stmt" count="281"/>
        <line num="36" type="method" name="logAudit" visibility="protected" complexity="2" crap="2.00" count="84"/>
        <line num="39" type="stmt" count="84"/>
        <line num="40" type="stmt" count="0"/>
        <line num="43" type="stmt" count="84"/>
        <line num="44" type="stmt" count="84"/>
        <line num="45" type="stmt" count="84"/>
        <line num="46" type="stmt" count="84"/>
        <line num="47" type="stmt" count="84"/>
        <line num="48" type="stmt" count="84"/>
        <line num="49" type="stmt" count="84"/>
        <line num="50" type="stmt" count="84"/>
        <line num="51" type="stmt" count="84"/>
        <line num="52" type="stmt" count="84"/>
        <line num="53" type="stmt" count="84"/>
        <line num="56" type="method" name="auditTrails" visibility="public" complexity="1" crap="2" count="0"/>
        <line num="58" type="stmt" count="0"/>
        <metrics loc="61" ncloc="59" classes="1" methods="3" coveredmethods="1" conditionals="0" coveredconditionals="0" statements="27" coveredstatements="25" elements="30" coveredelements="26"/>
      </file>
      <file name="/root/Analyt-Loan/app/Traits/BelongsToOrganization.php">
        <class name="App\Traits\BelongsToOrganization" namespace="App\Traits">
          <metrics complexity="16" methods="2" coveredmethods="1" conditionals="0" coveredconditionals="0" statements="27" coveredstatements="25" elements="29" coveredelements="26"/>
        </class>
        <line num="19" type="method" name="bootBelongsToOrganization" visibility="protected" complexity="15" crap="15.10" count="281"/>
        <line num="21" type="stmt" count="281"/>
        <line num="22" type="stmt" count="203"/>
        <line num="24" type="stmt" count="203"/>
        <line num="25" type="stmt" count="24"/>
        <line num="28" type="stmt" count="203"/>
        <line num="29" type="stmt" count="10"/>
        <line num="31" type="stmt" count="281"/>
        <line num="33" type="stmt" count="281"/>
        <line num="34" type="stmt" count="218"/>
        <line num="35" type="stmt" count="0"/>
        <line num="38" type="stmt" count="218"/>
        <line num="39" type="stmt" count="182"/>
        <line num="42" type="stmt" count="182"/>
        <line num="43" type="stmt" count="0"/>
        <line num="47" type="stmt" count="182"/>
        <line num="48" type="stmt" count="1"/>
        <line num="51" type="stmt" count="181"/>
        <line num="52" type="stmt" count="181"/>
        <line num="54" type="stmt" count="181"/>
        <line num="55" type="stmt" count="180"/>
        <line num="59" type="stmt" count="1"/>
        <line num="63" type="stmt" count="181"/>
        <line num="64" type="stmt" count="56"/>
        <line num="66" type="stmt" count="56"/>
        <line num="67" type="stmt" count="1"/>
        <line num="83" type="stmt" count="281"/>
        <line num="91" type="method" name="organization" visibility="public" complexity="1" crap="1" count="188"/>
        <line num="93" type="stmt" count="188"/>
        <metrics loc="96" ncloc="72" classes="1" methods="2" coveredmethods="1" conditionals="0" coveredconditionals="0" statements="27" coveredstatements="25" elements="29" coveredelements="26"/>
      </file>
      <file name="/root/Analyt-Loan/app/Traits/HandlesStorageDisk.php">
        <class name="App\Traits\HandlesStorageDisk" namespace="App\Traits">
          <metrics complexity="1" methods="1" coveredmethods="1" conditionals="0" coveredconditionals="0" statements="1" coveredstatements="1" elements="2" coveredelements="2"/>
        </class>
        <line num="12" type="method" name="getStorageDisk" visibility="protected" complexity="1" crap="1" count="8"/>
        <line num="14" type="stmt" count="8"/>
        <metrics loc="17" ncloc="14" classes="1" methods="1" coveredmethods="1" conditionals="0" coveredconditionals="0" statements="1" coveredstatements="1" elements="2" coveredelements="2"/>
      </file>
      <file name="/root/Analyt-Loan/app/Traits/SterilizesPhone.php">
        <class name="App\Traits\SterilizesPhone" namespace="App\Traits">
          <metrics complexity="6" methods="1" coveredmethods="1" conditionals="0" coveredconditionals="0" statements="8" coveredstatements="8" elements="9" coveredelements="9"/>
        </class>
        <line num="11" type="method" name="sterilize" visibility="public" complexity="6" crap="6" count="7"/>
        <line num="14" type="stmt" count="7"/>
        <line num="17" type="stmt" count="7"/>
        <line num="18" type="stmt" count="2"/>
        <line num="22" type="stmt" count="5"/>
        <line num="23" type="stmt" count="3"/>
        <line num="27" type="stmt" count="2"/>
        <line num="28" type="stmt" count="1"/>
        <line num="31" type="stmt" count="1"/>
        <metrics loc="34" ncloc="26" classes="1" methods="1" coveredmethods="1" conditionals="0" coveredconditionals="0" statements="8" coveredstatements="8" elements="9" coveredelements="9"/>
      </file>
    </package>
    <package name="App\ValueObjects">
      <file name="/root/Analyt-Loan/app/ValueObjects/Money.php">
        <class name="App\ValueObjects\Money" namespace="App\ValueObjects">
          <metrics complexity="30" methods="23" coveredmethods="21" conditionals="0" coveredconditionals="0" statements="44" coveredstatements="42" elements="67" coveredelements="63"/>
        </class>
        <line num="23" type="method" name="__construct" visibility="public" complexity="1" crap="1" count="182"/>
        <line num="25" type="stmt" count="182"/>
        <line num="26" type="stmt" count="182"/>
        <line num="27" type="stmt" count="182"/>
        <line num="33" type="method" name="missing" visibility="public" complexity="1" crap="1" count="33"/>
        <line num="35" type="stmt" count="33"/>
        <line num="38" type="method" name="isMissing" visibility="public" complexity="1" crap="2" count="0"/>
        <line num="40" type="stmt" count="0"/>
        <line num="47" type="method" name="fromMajor" visibility="public" complexity="1" crap="1" count="158"/>
        <line num="50" type="stmt" count="158"/>
        <line num="52" type="stmt" count="158"/>
        <line num="55" type="method" name="getMinorAmount" visibility="public" complexity="1" crap="1" count="167"/>
        <line num="57" type="stmt" count="167"/>
        <line num="60" type="method" name="getMajorAmount" visibility="public" complexity="1" crap="1" count="164"/>
        <line num="62" type="stmt" count="164"/>
        <line num="65" type="method" name="getCurrency" visibility="public" complexity="1" crap="1" count="74"/>
        <line num="67" type="stmt" count="74"/>
        <line num="70" type="method" name="add" visibility="public" complexity="2" crap="2" count="90"/>
        <line num="72" type="stmt" count="90"/>
        <line num="74" type="stmt" count="89"/>
        <line num="77" type="method" name="subtract" visibility="public" complexity="2" crap="2" count="44"/>
        <line num="79" type="stmt" count="44"/>
        <line num="81" type="stmt" count="44"/>
        <line num="84" type="method" name="multiply" visibility="public" complexity="2" crap="2" count="59"/>
        <line num="87" type="stmt" count="59"/>
        <line num="90" type="stmt" count="59"/>
        <line num="92" type="stmt" count="59"/>
        <line num="98" type="method" name="divide" visibility="public" complexity="1" crap="1" count="23"/>
        <line num="100" type="stmt" count="23"/>
        <line num="102" type="stmt" count="23"/>
        <line num="105" type="method" name="isZero" visibility="public" complexity="1" crap="1" count="59"/>
        <line num="107" type="stmt" count="59"/>
        <line num="110" type="method" name="isPositive" visibility="public" complexity="1" crap="1" count="44"/>
        <line num="112" type="stmt" count="44"/>
        <line num="115" type="method" name="isNegative" visibility="public" complexity="1" crap="1" count="17"/>
        <line num="117" type="stmt" count="17"/>
        <line num="120" type="method" name="absolute" visibility="public" complexity="1" crap="1" count="2"/>
        <line num="122" type="stmt" count="2"/>
        <line num="125" type="method" name="equals" visibility="public" complexity="2" crap="2" count="4"/>
        <line num="127" type="stmt" count="4"/>
        <line num="130" type="method" name="ensureSameCurrency" visibility="protected" complexity="2" crap="2" count="94"/>
        <line num="132" type="stmt" count="94"/>
        <line num="133" type="stmt" count="1"/>
        <line num="137" type="method" name="format" visibility="public" complexity="2" crap="2" count="150"/>
        <line num="139" type="stmt" count="150"/>
        <line num="140" type="stmt" count="1"/>
        <line num="144" type="stmt" count="150"/>
        <line num="147" type="method" name="formatWithDecimals" visibility="public" complexity="2" crap="2.15" count="1"/>
        <line num="149" type="stmt" count="1"/>
        <line num="150" type="stmt" count="0"/>
        <line num="153" type="stmt" count="1"/>
        <line num="156" type="method" name="jsonSerialize" visibility="public" complexity="1" crap="1" count="5"/>
        <line num="158" type="stmt" count="5"/>
        <line num="159" type="stmt" count="5"/>
        <line num="160" type="stmt" count="5"/>
        <line num="161" type="stmt" count="5"/>
        <line num="162" type="stmt" count="5"/>
        <line num="163" type="stmt" count="5"/>
        <line num="166" type="method" name="__toString" visibility="public" complexity="1" crap="1" count="9"/>
        <line num="168" type="stmt" count="9"/>
        <line num="171" type="method" name="toLivewire" visibility="public" complexity="1" crap="1" count="37"/>
        <line num="173" type="stmt" count="37"/>
        <line num="174" type="stmt" count="37"/>
        <line num="175" type="stmt" count="37"/>
        <line num="176" type="stmt" count="37"/>
        <line num="179" type="method" name="fromLivewire" visibility="public" complexity="1" crap="1" count="18"/>
        <line num="181" type="stmt" count="18"/>
        <metrics loc="184" ncloc="165" classes="1" methods="23" coveredmethods="21" conditionals="0" coveredconditionals="0" statements="44" coveredstatements="42" elements="67" coveredelements="63"/>
      </file>
    </package>
    <package name="App\View\Components">
      <file name="/root/Analyt-Loan/app/View/Components/AppLayout.php">
        <class name="App\View\Components\AppLayout" namespace="App\View\Components">
          <metrics complexity="2" methods="2" coveredmethods="0" conditionals="0" coveredconditionals="0" statements="2" coveredstatements="0" elements="4" coveredelements="0"/>
        </class>
        <line num="13" type="method" name="__construct" visibility="public" complexity="1" crap="2" count="0"/>
        <line num="18" type="method" name="render" visibility="public" complexity="1" crap="2" count="0"/>
        <line num="20" type="stmt" count="0"/>
        <metrics loc="23" ncloc="17" classes="1" methods="2" coveredmethods="0" conditionals="0" coveredconditionals="0" statements="2" coveredstatements="0" elements="4" coveredelements="0"/>
      </file>
      <file name="/root/Analyt-Loan/app/View/Components/GuestLayout.php">
        <class name="App\View\Components\GuestLayout" namespace="App\View\Components">
          <metrics complexity="2" methods="2" coveredmethods="0" conditionals="0" coveredconditionals="0" statements="2" coveredstatements="0" elements="4" coveredelements="0"/>
        </class>
        <line num="13" type="method" name="__construct" visibility="public" complexity="1" crap="2" count="0"/>
        <line num="18" type="method" name="render" visibility="public" complexity="1" crap="2" count="0"/>
        <line num="20" type="stmt" count="0"/>
        <metrics loc="23" ncloc="17" classes="1" methods="2" coveredmethods="0" conditionals="0" coveredconditionals="0" statements="2" coveredstatements="0" elements="4" coveredelements="0"/>
      </file>
      <file name="/root/Analyt-Loan/app/View/Components/HomeLayout.php">
        <class name="App\View\Components\HomeLayout" namespace="App\View\Components">
          <metrics complexity="1" methods="1" coveredmethods="1" conditionals="0" coveredconditionals="0" statements="1" coveredstatements="1" elements="2" coveredelements="2"/>
        </class>
        <line num="13" type="method" name="render" visibility="public" complexity="1" crap="1" count="1"/>
        <line num="15" type="stmt" count="1"/>
        <metrics loc="18" ncloc="15" classes="1" methods="1" coveredmethods="1" conditionals="0" coveredconditionals="0" statements="1" coveredstatements="1" elements="2" coveredelements="2"/>
      </file>
    </package>
    <metrics files="183" loc="20832" ncloc="18299" classes="176" methods="777" coveredmethods="336" conditionals="0" coveredconditionals="0" statements="8259" coveredstatements="4941" elements="9036" coveredelements="5277"/>
  </project>
</coverage>
